Spark Command: /n/helmod/apps/centos7/Core/jdk/1.8.0_45-fasrc01/bin/java -cp /n/holyscratch01/Academic-cluster/Spring_2021/g_84102/SCRATCH/ImageNet/spark/conf/:/n/holyscratch01/Academic-cluster/Spring_2021/g_84102/SCRATCH/ImageNet/spark/jars/* -Xmx1g org.apache.spark.deploy.master.Master --host academic-login08.rc.fas.harvard.edu --port 7077 --webui-port 8080
========================================
Using Spark's default log4j profile: org/apache/spark/log4j-defaults.properties
21/04/23 03:46:44 INFO Master: Started daemon with process name: 48591@academic-login08.rc.fas.harvard.edu
21/04/23 03:46:44 INFO SignalUtils: Registering signal handler for TERM
21/04/23 03:46:44 INFO SignalUtils: Registering signal handler for HUP
21/04/23 03:46:44 INFO SignalUtils: Registering signal handler for INT
21/04/23 03:46:46 WARN NativeCodeLoader: Unable to load native-hadoop library for your platform... using builtin-java classes where applicable
21/04/23 03:46:47 INFO SecurityManager: Changing view acls to: u_358555_g_84102
21/04/23 03:46:47 INFO SecurityManager: Changing modify acls to: u_358555_g_84102
21/04/23 03:46:47 INFO SecurityManager: Changing view acls groups to: 
21/04/23 03:46:47 INFO SecurityManager: Changing modify acls groups to: 
21/04/23 03:46:47 INFO SecurityManager: SecurityManager: authentication disabled; ui acls disabled; users  with view permissions: Set(u_358555_g_84102); groups with view permissions: Set(); users  with modify permissions: Set(u_358555_g_84102); groups with modify permissions: Set()
21/04/23 03:46:48 INFO Utils: Successfully started service 'sparkMaster' on port 7077.
21/04/23 03:46:48 INFO Master: Starting Spark master at spark://academic-login08.rc.fas.harvard.edu:7077
21/04/23 03:46:48 INFO Master: Running Spark version 3.1.1
21/04/23 03:46:49 INFO Utils: Successfully started service 'MasterUI' on port 8080.
21/04/23 03:46:49 INFO MasterWebUI: Bound MasterWebUI to 0.0.0.0, and started at http://academic-login08.rc.fas.harvard.edu:8080
21/04/23 03:46:50 INFO Master: I have been elected leader! New state: ALIVE
21/04/23 03:48:38 ERROR Master: RECEIVED SIGNAL TERM
